Build started 18/08/2015 13:28:22.
     1>Project "E:\Virtual Delay Force\Virtual Delay Force\Virtual Delay Force\Virtual Delay Force.vcxproj" on node 2 (Build target(s)).
       Project file contains ToolsVersion="12.0". This toolset is unknown or missing. You may be able to resolve this by installing the appropriate .NET Framework for this toolset. Treating the project as if it had ToolsVersion="4.0".
     1>ClCompile:
         C:\Program Files\Microsoft Visual Studio 11.0\VC\bin\CL.exe /c /I..\Library\Chai3D\modules\GEL /I..\Library\LibOVR\Src /I..\Library\LibOVR\Include /I..\Library\Chai3D\src /I..\Library\Chai3D\modules\ODE /I..\Library\Chai3D\external\ODE\include /I..\Library\Chai3D\external\OpenGL\msvc /I..\Library\GLEW\include /I..\Library\GLFW\include /I"E:\Program Files\Microsoft SDKs\Windows\v7.1\Include" /Zi /nologo /W3 /WX- /sdl /O2 /Oi /Oy- /GL /D WIN32 /D NDEBUG /D _CONSOLE /D _LIB /D _UNICODE /D UNICODE /Gm- /EHsc /MD /GS /Gy /fp:precise /Zc:wchar_t /Zc:forScope /Fo"Release\\" /Fd"Release\vc110.pdb" /Gd /TP /analyze- /errorReport:prompt Main.cpp
         Main.cpp
     1>e:\program files\microsoft sdks\windows\v7.1\include\sal_supp.h(57): warning C4005: '__useHeader' : macro redefinition
                 C:\Program Files\Microsoft Visual Studio 11.0\VC\include\sal.h(2864) : see previous definition of '__useHeader'
     1>e:\program files\microsoft sdks\windows\v7.1\include\specstrings_supp.h(77): warning C4005: '__on_failure' : macro redefinition
                 C:\Program Files\Microsoft Visual Studio 11.0\VC\include\sal.h(2865) : see previous definition of '__on_failure'
     1>Main.cpp(171): warning C4018: '<' : signed/unsigned mismatch
     1>C:\Program Files\MSBuild\Microsoft.Cpp\v4.0\V110\Microsoft.CppBuild.targets(1137,5): warning MSB8012: TargetPath(E:\Virtual Delay Force\Virtual Delay Force\Release\Virtual Delay Force.exe) does not match the Linker's OutputFile property value (E:\bin\40-ODE-cube.exe). This may cause your project to build incorrectly. To correct this, please make sure that $(OutDir), $(TargetName) and $(TargetExt) property values match the value specified in %(Link.OutputFile).
     1>C:\Program Files\MSBuild\Microsoft.Cpp\v4.0\V110\Microsoft.CppBuild.targets(1139,5): warning MSB8012: TargetName(Virtual Delay Force) does not match the Linker's OutputFile property value (40-ODE-cube). This may cause your project to build incorrectly. To correct this, please make sure that $(OutDir), $(TargetName) and $(TargetExt) property values match the value specified in %(Link.OutputFile).
       Link:
         C:\Program Files\Microsoft Visual Studio 11.0\VC\bin\link.exe /ERRORREPORT:PROMPT /OUT:"/bin/40-ODE-cube.exe" /INCREMENTAL:NO /NOLOGO /LIBPATH:..\Library\LibOVR\Lib\Win32\VS2012 /LIBPATH:..\Library\Chai3D\external\ODE\lib\msvc /LIBPATH:..\Library\Chai3D\lib\msvc9 /LIBPATH:..\Library\Chai3D\external\OpenGL\msvc /LIBPATH:..\Library\GLEW\lib\Release\Win32 /LIBPATH:"..\Library\GLFW\lib-vc2012" /LIBPATH:"E:\Program Files\Microsoft SDKs\Windows\v7.1\Include" glfw3.lib glew32s.lib ws2_32.lib Dbghelp.lib libovr.lib dxgi.lib dxguid.lib d3d10.lib d3d11.lib d3dcompiler.lib kernel32.lib user32.lib gdi32.lib winspool.lib comdlg32.lib advapi32.lib shell32.lib ole32.lib oleaut32.lib uuid.lib winmm.lib opengl32.lib "chai3d-release.lib" glu32.lib ode_double.lib odbc32.lib odbccp32.lib kernel32.lib user32.lib gdi32.lib winspool.lib comdlg32.lib advapi32.lib shell32.lib ole32.lib oleaut32.lib uuid.lib odbc32.lib odbccp32.lib /MANIFEST /MANIFESTUAC:"level='asInvoker' uiAccess='false'" /manifest:embed /DEBUG /PDB:"E:\Virtual Delay Force\Virtual Delay Force\Release\Virtual Delay Force.pdb" /SUBSYSTEM:CONSOLE /OPT:REF /OPT:ICF /LTCG /TLBID:1 /DYNAMICBASE /NXCOMPAT /IMPLIB:"E:\Virtual Delay Force\Virtual Delay Force\Release\Virtual Delay Force.lib" /MACHINE:X86 /SAFESEH Release\CCamera2.obj
         Release\CFalconDevice2.obj
         Release\Main.obj
     1>LINK : warning LNK4098: defaultlib 'LIBCMT' conflicts with use of other libs; use /NODEFAULTLIB:library
         Generating code
         Finished generating code
     1>glew32s.lib(glew.obj) : warning LNK4099: PDB 'vc120.pdb' was not found with 'glew32s.lib(glew.obj)' or at 'E:\Virtual Delay Force\Virtual Delay Force\Release\vc120.pdb'; linking object as if no debug info
         Virtual Delay Force.vcxproj -> E:\Virtual Delay Force\Virtual Delay Force\Release\Virtual Delay Force.exe
     1>Done Building Project "E:\Virtual Delay Force\Virtual Delay Force\Virtual Delay Force\Virtual Delay Force.vcxproj" (Build target(s)).

Build succeeded.

Time Elapsed 00:00:02.50
