E:\VIRTUAL DELAY FORCE\VIRTUAL DELAY FORCE\VIRTUAL DELAY FORCE\DEBUG\CCAMERA2.OBJ
E:\VIRTUAL DELAY FORCE\VIRTUAL DELAY FORCE\VIRTUAL DELAY FORCE\DEBUG\CFALCONDEVICE2.OBJ
E:\VIRTUAL DELAY FORCE\VIRTUAL DELAY FORCE\VIRTUAL DELAY FORCE\DEBUG\MAIN.OBJ
E:\VIRTUAL DELAY FORCE\VIRTUAL DELAY FORCE\VIRTUAL DELAY FORCE\DEBUG\VC110.PDB
E:\VIRTUAL DELAY FORCE\VIRTUAL DELAY FORCE\DEBUG\VIRTUAL DELAY FORCE.ILK
E:\VIRTUAL DELAY FORCE\VIRTUAL DELAY FORCE\DEBUG\VIRTUAL DELAY FORCE.EXE
E:\VIRTUAL DELAY FORCE\VIRTUAL DELAY FORCE\DEBUG\VIRTUAL DELAY FORCE.PDB
E:\Virtual Delay Force\Virtual Delay Force\Virtual Delay Force\Debug\CCamera2.obj
E:\Virtual Delay Force\Virtual Delay Force\Virtual Delay Force\Debug\CFalconDevice2.obj
E:\Virtual Delay Force\Virtual Delay Force\Virtual Delay Force\Debug\cl.command.1.tlog
E:\Virtual Delay Force\Virtual Delay Force\Virtual Delay Force\Debug\CL.read.1.tlog
E:\Virtual Delay Force\Virtual Delay Force\Virtual Delay Force\Debug\CL.write.1.tlog
E:\Virtual Delay Force\Virtual Delay Force\Virtual Delay Force\Debug\link-cvtres.read.1.tlog
E:\Virtual Delay Force\Virtual Delay Force\Virtual Delay Force\Debug\link-cvtres.write.1.tlog
E:\Virtual Delay Force\Virtual Delay Force\Virtual Delay Force\Debug\link-rc.read.1.tlog
E:\Virtual Delay Force\Virtual Delay Force\Virtual Delay Force\Debug\link-rc.write.1.tlog
E:\Virtual Delay Force\Virtual Delay Force\Virtual Delay Force\Debug\link.2476-cvtres.read.1.tlog
E:\Virtual Delay Force\Virtual Delay Force\Virtual Delay Force\Debug\link.2476-cvtres.write.1.tlog
E:\Virtual Delay Force\Virtual Delay Force\Virtual Delay Force\Debug\link.2476-rc.read.1.tlog
E:\Virtual Delay Force\Virtual Delay Force\Virtual Delay Force\Debug\link.2476-rc.write.1.tlog
E:\Virtual Delay Force\Virtual Delay Force\Virtual Delay Force\Debug\link.2476.read.1.tlog
E:\Virtual Delay Force\Virtual Delay Force\Virtual Delay Force\Debug\link.2476.write.1.tlog
E:\Virtual Delay Force\Virtual Delay Force\Virtual Delay Force\Debug\link.3852-cvtres.read.1.tlog
E:\Virtual Delay Force\Virtual Delay Force\Virtual Delay Force\Debug\link.3852-cvtres.write.1.tlog
E:\Virtual Delay Force\Virtual Delay Force\Virtual Delay Force\Debug\link.3852-rc.read.1.tlog
E:\Virtual Delay Force\Virtual Delay Force\Virtual Delay Force\Debug\link.3852-rc.write.1.tlog
E:\Virtual Delay Force\Virtual Delay Force\Virtual Delay Force\Debug\link.3852.read.1.tlog
E:\Virtual Delay Force\Virtual Delay Force\Virtual Delay Force\Debug\link.3852.write.1.tlog
E:\Virtual Delay Force\Virtual Delay Force\Virtual Delay Force\Debug\link.4396-cvtres.read.1.tlog
E:\Virtual Delay Force\Virtual Delay Force\Virtual Delay Force\Debug\link.4396-cvtres.write.1.tlog
E:\Virtual Delay Force\Virtual Delay Force\Virtual Delay Force\Debug\link.4396-rc.read.1.tlog
E:\Virtual Delay Force\Virtual Delay Force\Virtual Delay Force\Debug\link.4396-rc.write.1.tlog
E:\Virtual Delay Force\Virtual Delay Force\Virtual Delay Force\Debug\link.4396.read.1.tlog
E:\Virtual Delay Force\Virtual Delay Force\Virtual Delay Force\Debug\link.4396.write.1.tlog
E:\Virtual Delay Force\Virtual Delay Force\Virtual Delay Force\Debug\link.4496-cvtres.read.1.tlog
E:\Virtual Delay Force\Virtual Delay Force\Virtual Delay Force\Debug\link.4496-cvtres.write.1.tlog
E:\Virtual Delay Force\Virtual Delay Force\Virtual Delay Force\Debug\link.4496-rc.read.1.tlog
E:\Virtual Delay Force\Virtual Delay Force\Virtual Delay Force\Debug\link.4496-rc.write.1.tlog
E:\Virtual Delay Force\Virtual Delay Force\Virtual Delay Force\Debug\link.4496.read.1.tlog
E:\Virtual Delay Force\Virtual Delay Force\Virtual Delay Force\Debug\link.4496.write.1.tlog
E:\Virtual Delay Force\Virtual Delay Force\Virtual Delay Force\Debug\link.5252-cvtres.read.1.tlog
E:\Virtual Delay Force\Virtual Delay Force\Virtual Delay Force\Debug\link.5252-cvtres.write.1.tlog
E:\Virtual Delay Force\Virtual Delay Force\Virtual Delay Force\Debug\link.5252-rc.read.1.tlog
E:\Virtual Delay Force\Virtual Delay Force\Virtual Delay Force\Debug\link.5252-rc.write.1.tlog
E:\Virtual Delay Force\Virtual Delay Force\Virtual Delay Force\Debug\link.5252.read.1.tlog
E:\Virtual Delay Force\Virtual Delay Force\Virtual Delay Force\Debug\link.5252.write.1.tlog
E:\Virtual Delay Force\Virtual Delay Force\Virtual Delay Force\Debug\link.6236-cvtres.read.1.tlog
E:\Virtual Delay Force\Virtual Delay Force\Virtual Delay Force\Debug\link.6236-cvtres.write.1.tlog
E:\Virtual Delay Force\Virtual Delay Force\Virtual Delay Force\Debug\link.6236-rc.read.1.tlog
E:\Virtual Delay Force\Virtual Delay Force\Virtual Delay Force\Debug\link.6236-rc.write.1.tlog
E:\Virtual Delay Force\Virtual Delay Force\Virtual Delay Force\Debug\link.6236.read.1.tlog
E:\Virtual Delay Force\Virtual Delay Force\Virtual Delay Force\Debug\link.6236.write.1.tlog
E:\Virtual Delay Force\Virtual Delay Force\Virtual Delay Force\Debug\link.6584-cvtres.read.1.tlog
E:\Virtual Delay Force\Virtual Delay Force\Virtual Delay Force\Debug\link.6584-cvtres.write.1.tlog
E:\Virtual Delay Force\Virtual Delay Force\Virtual Delay Force\Debug\link.6584-rc.read.1.tlog
E:\Virtual Delay Force\Virtual Delay Force\Virtual Delay Force\Debug\link.6584-rc.write.1.tlog
E:\Virtual Delay Force\Virtual Delay Force\Virtual Delay Force\Debug\link.6584.read.1.tlog
E:\Virtual Delay Force\Virtual Delay Force\Virtual Delay Force\Debug\link.6584.write.1.tlog
E:\Virtual Delay Force\Virtual Delay Force\Virtual Delay Force\Debug\link.6820-cvtres.read.1.tlog
E:\Virtual Delay Force\Virtual Delay Force\Virtual Delay Force\Debug\link.6820-cvtres.write.1.tlog
E:\Virtual Delay Force\Virtual Delay Force\Virtual Delay Force\Debug\link.6820-rc.read.1.tlog
E:\Virtual Delay Force\Virtual Delay Force\Virtual Delay Force\Debug\link.6820-rc.write.1.tlog
E:\Virtual Delay Force\Virtual Delay Force\Virtual Delay Force\Debug\link.6820.read.1.tlog
E:\Virtual Delay Force\Virtual Delay Force\Virtual Delay Force\Debug\link.6820.write.1.tlog
E:\Virtual Delay Force\Virtual Delay Force\Virtual Delay Force\Debug\link.7260-cvtres.read.1.tlog
E:\Virtual Delay Force\Virtual Delay Force\Virtual Delay Force\Debug\link.7260-cvtres.write.1.tlog
E:\Virtual Delay Force\Virtual Delay Force\Virtual Delay Force\Debug\link.7260-rc.read.1.tlog
E:\Virtual Delay Force\Virtual Delay Force\Virtual Delay Force\Debug\link.7260-rc.write.1.tlog
E:\Virtual Delay Force\Virtual Delay Force\Virtual Delay Force\Debug\link.7260.read.1.tlog
E:\Virtual Delay Force\Virtual Delay Force\Virtual Delay Force\Debug\link.7260.write.1.tlog
E:\Virtual Delay Force\Virtual Delay Force\Virtual Delay Force\Debug\link.7376-cvtres.read.1.tlog
E:\Virtual Delay Force\Virtual Delay Force\Virtual Delay Force\Debug\link.7376-cvtres.write.1.tlog
E:\Virtual Delay Force\Virtual Delay Force\Virtual Delay Force\Debug\link.7376-rc.read.1.tlog
E:\Virtual Delay Force\Virtual Delay Force\Virtual Delay Force\Debug\link.7376-rc.write.1.tlog
E:\Virtual Delay Force\Virtual Delay Force\Virtual Delay Force\Debug\link.7376.read.1.tlog
E:\Virtual Delay Force\Virtual Delay Force\Virtual Delay Force\Debug\link.7376.write.1.tlog
E:\Virtual Delay Force\Virtual Delay Force\Virtual Delay Force\Debug\link.7404-cvtres.read.1.tlog
E:\Virtual Delay Force\Virtual Delay Force\Virtual Delay Force\Debug\link.7404-cvtres.write.1.tlog
E:\Virtual Delay Force\Virtual Delay Force\Virtual Delay Force\Debug\link.7404-rc.read.1.tlog
E:\Virtual Delay Force\Virtual Delay Force\Virtual Delay Force\Debug\link.7404-rc.write.1.tlog
E:\Virtual Delay Force\Virtual Delay Force\Virtual Delay Force\Debug\link.7404.read.1.tlog
E:\Virtual Delay Force\Virtual Delay Force\Virtual Delay Force\Debug\link.7404.write.1.tlog
E:\Virtual Delay Force\Virtual Delay Force\Virtual Delay Force\Debug\link.7504-cvtres.read.1.tlog
E:\Virtual Delay Force\Virtual Delay Force\Virtual Delay Force\Debug\link.7504-cvtres.write.1.tlog
E:\Virtual Delay Force\Virtual Delay Force\Virtual Delay Force\Debug\link.7504-rc.read.1.tlog
E:\Virtual Delay Force\Virtual Delay Force\Virtual Delay Force\Debug\link.7504-rc.write.1.tlog
E:\Virtual Delay Force\Virtual Delay Force\Virtual Delay Force\Debug\link.7504.read.1.tlog
E:\Virtual Delay Force\Virtual Delay Force\Virtual Delay Force\Debug\link.7504.write.1.tlog
E:\Virtual Delay Force\Virtual Delay Force\Virtual Delay Force\Debug\link.7656-cvtres.read.1.tlog
E:\Virtual Delay Force\Virtual Delay Force\Virtual Delay Force\Debug\link.7656-cvtres.write.1.tlog
E:\Virtual Delay Force\Virtual Delay Force\Virtual Delay Force\Debug\link.7656-rc.read.1.tlog
E:\Virtual Delay Force\Virtual Delay Force\Virtual Delay Force\Debug\link.7656-rc.write.1.tlog
E:\Virtual Delay Force\Virtual Delay Force\Virtual Delay Force\Debug\link.7656.read.1.tlog
E:\Virtual Delay Force\Virtual Delay Force\Virtual Delay Force\Debug\link.7656.write.1.tlog
E:\Virtual Delay Force\Virtual Delay Force\Virtual Delay Force\Debug\link.7724-cvtres.read.1.tlog
E:\Virtual Delay Force\Virtual Delay Force\Virtual Delay Force\Debug\link.7724-cvtres.write.1.tlog
E:\Virtual Delay Force\Virtual Delay Force\Virtual Delay Force\Debug\link.7724-rc.read.1.tlog
E:\Virtual Delay Force\Virtual Delay Force\Virtual Delay Force\Debug\link.7724-rc.write.1.tlog
E:\Virtual Delay Force\Virtual Delay Force\Virtual Delay Force\Debug\link.7724.read.1.tlog
E:\Virtual Delay Force\Virtual Delay Force\Virtual Delay Force\Debug\link.7724.write.1.tlog
E:\Virtual Delay Force\Virtual Delay Force\Virtual Delay Force\Debug\link.7840-cvtres.read.1.tlog
E:\Virtual Delay Force\Virtual Delay Force\Virtual Delay Force\Debug\link.7840-cvtres.write.1.tlog
E:\Virtual Delay Force\Virtual Delay Force\Virtual Delay Force\Debug\link.7840-rc.read.1.tlog
E:\Virtual Delay Force\Virtual Delay Force\Virtual Delay Force\Debug\link.7840-rc.write.1.tlog
E:\Virtual Delay Force\Virtual Delay Force\Virtual Delay Force\Debug\link.7840.read.1.tlog
E:\Virtual Delay Force\Virtual Delay Force\Virtual Delay Force\Debug\link.7840.write.1.tlog
E:\Virtual Delay Force\Virtual Delay Force\Virtual Delay Force\Debug\link.7860-cvtres.read.1.tlog
E:\Virtual Delay Force\Virtual Delay Force\Virtual Delay Force\Debug\link.7860-cvtres.write.1.tlog
E:\Virtual Delay Force\Virtual Delay Force\Virtual Delay Force\Debug\link.7860-rc.read.1.tlog
E:\Virtual Delay Force\Virtual Delay Force\Virtual Delay Force\Debug\link.7860-rc.write.1.tlog
E:\Virtual Delay Force\Virtual Delay Force\Virtual Delay Force\Debug\link.7860.read.1.tlog
E:\Virtual Delay Force\Virtual Delay Force\Virtual Delay Force\Debug\link.7860.write.1.tlog
E:\Virtual Delay Force\Virtual Delay Force\Virtual Delay Force\Debug\link.command.1.tlog
E:\Virtual Delay Force\Virtual Delay Force\Virtual Delay Force\Debug\link.read.1.tlog
E:\Virtual Delay Force\Virtual Delay Force\Virtual Delay Force\Debug\link.write.1.tlog
E:\Virtual Delay Force\Virtual Delay Force\Virtual Delay Force\Debug\vc110.idb
E:\Virtual Delay Force\Virtual Delay Force\Virtual Delay Force\Debug\vc110.pdb
E:\Virtual Delay Force\Virtual Delay Force\Debug\Virtual Delay Force.pdb
E:\Virtual Delay Force\Virtual Delay Force\Debug\Virtual Delay Force.exe
E:\Virtual Delay Force\Virtual Delay Force\Debug\Virtual Delay Force.ilk
