Build started 09/09/2015 18:29:06.
     1>Project "E:\Virtual Delay Force\Virtual Delay Force\Virtual Delay Force\Virtual Delay Force.vcxproj" on node 2 (Build target(s)).
       Project file contains ToolsVersion="12.0". This toolset is unknown or missing. You may be able to resolve this by installing the appropriate .NET Framework for this toolset. Treating the project as if it had ToolsVersion="4.0".
     1>ClCompile:
         C:\Program Files\Microsoft Visual Studio 11.0\VC\bin\CL.exe /c /I..\Library\Chai3D\modules\GEL /I..\Library\LibOVR\Src /I..\Library\LibOVR\Include /I..\Library\Chai3D\src /I..\Library\Chai3D\modules\ODE /I..\Library\Chai3D\external\ODE\include /I..\Library\Chai3D\external\OpenGL\msvc /I..\Library\GLEW\include /I..\Library\GLFW\include /I"E:\Program Files\Microsoft SDKs\Windows\v7.1\Include" /I"C:\Program Files\Force Dimension\sdk-3.4.4\include" /ZI /nologo /W3 /WX- /sdl /Od /Oy- /D WIN32 /D _DEBUG /D _CONSOLE /D _LIB /D _UNICODE /D UNICODE /Gm /EHsc /RTC1 /MDd /GS /fp:precise /Zc:wchar_t /Zc:forScope /Fo"Debug\\" /Fd"Debug\vc110.pdb" /Gd /TP /analyze- /errorReport:prompt Main.cpp
         Main.cpp
     1>e:\program files\microsoft sdks\windows\v7.1\include\sal_supp.h(57): warning C4005: '__useHeader' : macro redefinition
                 c:\program files\microsoft visual studio 11.0\vc\include\sal.h(2864) : see previous definition of '__useHeader'
     1>e:\program files\microsoft sdks\windows\v7.1\include\specstrings_supp.h(77): warning C4005: '__on_failure' : macro redefinition
                 c:\program files\microsoft visual studio 11.0\vc\include\sal.h(2865) : see previous definition of '__on_failure'
     1>e:\virtual delay force\virtual delay force\virtual delay force\main.cpp(183): warning C4018: '<' : signed/unsigned mismatch
     1>e:\virtual delay force\virtual delay force\virtual delay force\main.cpp(268): warning C4018: '<' : signed/unsigned mismatch
       Link:
         C:\Program Files\Microsoft Visual Studio 11.0\VC\bin\link.exe /ERRORREPORT:PROMPT /OUT:"E:\Virtual Delay Force\Virtual Delay Force\Debug\Virtual Delay Force.exe" /INCREMENTAL /NOLOGO /LIBPATH:..\Library\LibOVR\Lib\Win32\VS2012 /LIBPATH:..\Library\Chai3D\external\ODE\lib\msvc /LIBPATH:..\Library\Chai3D\lib\msvc9 /LIBPATH:..\Library\Chai3D\external\OpenGL\msvc /LIBPATH:..\Library\GLEW\lib\Release\Win32 /LIBPATH:"..\Library\GLFW\lib-vc2012" /LIBPATH:"E:\Program Files\Microsoft SDKs\Windows\v7.1\Include" /LIBPATH:"C:\Program Files\Force Dimension\sdk-3.4.4\lib" glfw3.lib glew32s.lib ws2_32.lib Dbghelp.lib libovrd.lib dxgi.lib dxguid.lib d3d10.lib d3d11.lib d3dcompiler.lib kernel32.lib user32.lib gdi32.lib winspool.lib comdlg32.lib advapi32.lib shell32.lib ole32.lib oleaut32.lib uuid.lib winmm.lib opengl32.lib "chai3d-debug.lib" glu32.lib ode_double.lib odbc32.lib odbccp32.lib dhdms.lib drdms.lib kernel32.lib user32.lib gdi32.lib winspool.lib comdlg32.lib advapi32.lib shell32.lib ole32.lib oleaut32.lib uuid.lib odbc32.lib odbccp32.lib /MANIFEST /MANIFESTUAC:"level='asInvoker' uiAccess='false'" /manifest:embed /DEBUG /PDB:"E:\Virtual Delay Force\Virtual Delay Force\Debug\Virtual Delay Force.pdb" /SUBSYSTEM:CONSOLE /TLBID:1 /DYNAMICBASE /NXCOMPAT /IMPLIB:"E:\Virtual Delay Force\Virtual Delay Force\Debug\Virtual Delay Force.lib" /MACHINE:X86 Debug\CCamera2.obj
         Debug\CFalconDevice2.obj
         Debug\Main.obj
         Virtual Delay Force.vcxproj -> E:\Virtual Delay Force\Virtual Delay Force\Debug\Virtual Delay Force.exe
     1>Done Building Project "E:\Virtual Delay Force\Virtual Delay Force\Virtual Delay Force\Virtual Delay Force.vcxproj" (Build target(s)).

Build succeeded.

Time Elapsed 00:00:05.00
